<?xml version="1.0" encoding="UTF-8"?>
<testsuite name="cucumberOptions.TestRunner" time="0" tests="10" errors="0" skipped="9" failures="0">
  <properties>
[...]
</properties>
  <testcase name="Given : CartCount HomePage is opened" classname="Scenario: Register successfully as a Buyer" time="0">
    <skipped/>
    <system-out><![CDATA[@function
Feature: Register a buyer
  As a user
  I want to register a buyer
  So that verify login function work well
]]></system-out>
  </testcase>
  <testcase name="When I tap on [SIGNUP AS BUYER] button" classname="Scenario: Register successfully as a Buyer" time="0">
    <skipped/>
    <system-out><![CDATA[
  Background:                            # SignUp.feature:7
    Given : CartCount HomePage is opened
]]></system-out>
  </testcase>
  <testcase name="Then [SignUp Page] screen is opened" classname="Scenario: Register successfully as a Buyer" time="0">
    <skipped/>
  </testcase>
  <testcase name="And I input valid email" classname="Scenario: Register successfully as a Buyer" time="0">
    <skipped/>
  </testcase>
  <testcase name="And I input valid FullName" classname="Scenario: Register successfully as a Buyer" time="0">
    <skipped/>
  </testcase>
  <testcase name="And I input valid PassWord" classname="Scenario: Register successfully as a Buyer" time="0">
    <skipped/>
  </testcase>
  <testcase name="And I tap on [Confirm] button" classname="Scenario: Register successfully as a Buyer" time="0">
    <skipped/>
  </testcase>
  <testcase name="Then Buyer &apos;s homepage is opened successfully" classname="Scenario: Register successfully as a Buyer" time="0">
    <skipped/>
  </testcase>
  <testcase name="Scenario: Register successfully as a Buyer" classname="Scenario: Register successfully as a Buyer" time="0">
    <skipped/>
  </testcase>
  <testcase name="Scenario: Register successfully as a Buyer" classname="Scenario: Register successfully as a Buyer" time="0.043"/>
</testsuite>